\BOOKMARK [0][-]{chapter.1}{\376\377\0001\000\040\000\315\000n\000d\000i\000c\000e\000\040\000d\000e\000\040\000e\000s\000t\000r\000u\000c\000t\000u\000r\000a\000\040\000d\000e\000\040\000d\000a\000t\000o\000s}{}% 1
\BOOKMARK [1][-]{section.1.1}{\376\377\0001\000.\0001\000\040\000E\000s\000t\000r\000u\000c\000t\000u\000r\000a\000\040\000d\000e\000\040\000d\000a\000t\000o\000s}{chapter.1}% 2
\BOOKMARK [0][-]{chapter.2}{\376\377\0002\000\040\000I\000n\000d\000i\000c\000e\000\040\000d\000e\000\040\000a\000r\000c\000h\000i\000v\000o\000s}{}% 3
\BOOKMARK [1][-]{section.2.1}{\376\377\0002\000.\0001\000\040\000L\000i\000s\000t\000a\000\040\000d\000e\000\040\000a\000r\000c\000h\000i\000v\000o\000s}{chapter.2}% 4
\BOOKMARK [0][-]{chapter.3}{\376\377\0003\000\040\000D\000o\000c\000u\000m\000e\000n\000t\000a\000c\000i\000\363\000n\000\040\000d\000e\000\040\000l\000a\000s\000\040\000e\000s\000t\000r\000u\000c\000t\000u\000r\000a\000s\000\040\000d\000e\000\040\000d\000a\000t\000o\000s}{}% 5
\BOOKMARK [1][-]{section.3.1}{\376\377\0003\000.\0001\000\040\000R\000e\000f\000e\000r\000e\000n\000c\000i\000a\000\040\000d\000e\000\040\000l\000a\000\040\000E\000s\000t\000r\000u\000c\000t\000u\000r\000a\000\040\000b\000a\000n\000d\000e\000r\000a}{chapter.3}% 6
\BOOKMARK [2][-]{subsection.3.1.1}{\376\377\0003\000.\0001\000.\0001\000\040\000D\000o\000c\000u\000m\000e\000n\000t\000a\000c\000i\000\363\000n\000\040\000d\000e\000\040\000l\000o\000s\000\040\000c\000a\000m\000p\000o\000s}{section.3.1}% 7
\BOOKMARK [3][-]{subsubsection.3.1.1.1}{\376\377\0003\000.\0001\000.\0001\000.\0001\000\040\000C}{subsection.3.1.1}% 8
\BOOKMARK [3][-]{subsubsection.3.1.1.2}{\376\377\0003\000.\0001\000.\0001\000.\0002\000\040\000N}{subsection.3.1.1}% 9
\BOOKMARK [3][-]{subsubsection.3.1.1.3}{\376\377\0003\000.\0001\000.\0001\000.\0003\000\040\000V}{subsection.3.1.1}% 10
\BOOKMARK [3][-]{subsubsection.3.1.1.4}{\376\377\0003\000.\0001\000.\0001\000.\0004\000\040\000Z}{subsection.3.1.1}% 11
\BOOKMARK [0][-]{chapter.4}{\376\377\0004\000\040\000D\000o\000c\000u\000m\000e\000n\000t\000a\000c\000i\000\363\000n\000\040\000d\000e\000\040\000a\000r\000c\000h\000i\000v\000o\000s}{}% 12
\BOOKMARK [1][-]{section.4.1}{\376\377\0004\000.\0001\000\040\000R\000e\000f\000e\000r\000e\000n\000c\000i\000a\000\040\000d\000e\000l\000\040\000A\000r\000c\000h\000i\000v\000o\000\040\000A\000L\000U\000.\000c}{chapter.4}% 13
\BOOKMARK [2][-]{subsection.4.1.1}{\376\377\0004\000.\0001\000.\0001\000\040\000D\000o\000c\000u\000m\000e\000n\000t\000a\000c\000i\000\363\000n\000\040\000d\000e\000\040\000l\000a\000s\000\040\000f\000u\000n\000c\000i\000o\000n\000e\000s}{section.4.1}% 14
\BOOKMARK [3][-]{subsubsection.4.1.1.1}{\376\377\0004\000.\0001\000.\0001\000.\0001\000\040\000A\000D\000D\000\050\000u\000n\000s\000i\000g\000n\000e\000d\000\040\000l\000o\000n\000g\000\040\000i\000n\000t\000\040\000R\000n\000,\000\040\000u\000n\000s\000i\000g\000n\000e\000d\000\040\000l\000o\000n\000g\000\040\000i\000n\000t\000\040\000R\000m\000\051}{subsection.4.1.1}% 15
\BOOKMARK [3][-]{subsubsection.4.1.1.2}{\376\377\0004\000.\0001\000.\0001\000.\0002\000\040\000B\000I\000C\000\050\000u\000n\000s\000i\000g\000n\000e\000d\000\040\000l\000o\000n\000g\000\040\000i\000n\000t\000\040\000R\000n\000,\000\040\000u\000n\000s\000i\000g\000n\000e\000d\000\040\000l\000o\000n\000g\000\040\000i\000n\000t\000\040\000R\000m\000\051}{subsection.4.1.1}% 16
\BOOKMARK [3][-]{subsubsection.4.1.1.3}{\376\377\0004\000.\0001\000.\0001\000.\0003\000\040\000E\000O\000R\000\050\000u\000n\000s\000i\000g\000n\000e\000d\000\040\000l\000o\000n\000g\000\040\000i\000n\000t\000\040\000R\000n\000,\000\040\000u\000n\000s\000i\000g\000n\000e\000d\000\040\000l\000o\000n\000g\000\040\000i\000n\000t\000\040\000R\000m\000\051}{subsection.4.1.1}% 17
\BOOKMARK [3][-]{subsubsection.4.1.1.4}{\376\377\0004\000.\0001\000.\0001\000.\0004\000\040\000M\000V\000N\000\050\000u\000n\000s\000i\000g\000n\000e\000d\000\040\000l\000o\000n\000g\000\040\000i\000n\000t\000\040\000R\000n\000\051}{subsection.4.1.1}% 18
\BOOKMARK [3][-]{subsubsection.4.1.1.5}{\376\377\0004\000.\0001\000.\0001\000.\0005\000\040\000S\000U\000B\000\050\000u\000n\000s\000i\000g\000n\000e\000d\000\040\000l\000o\000n\000g\000\040\000i\000n\000t\000\040\000R\000n\000,\000\040\000u\000n\000s\000i\000g\000n\000e\000d\000\040\000l\000o\000n\000g\000\040\000i\000n\000t\000\040\000R\000m\000\051}{subsection.4.1.1}% 19
\BOOKMARK [1][-]{section.4.2}{\376\377\0004\000.\0002\000\040\000R\000e\000f\000e\000r\000e\000n\000c\000i\000a\000\040\000d\000e\000l\000\040\000A\000r\000c\000h\000i\000v\000o\000\040\000A\000L\000U\000.\000h}{chapter.4}% 20
\BOOKMARK [2][-]{subsection.4.2.1}{\376\377\0004\000.\0002\000.\0001\000\040\000D\000o\000c\000u\000m\000e\000n\000t\000a\000c\000i\000\363\000n\000\040\000d\000e\000\040\000l\000a\000s\000\040\000f\000u\000n\000c\000i\000o\000n\000e\000s}{section.4.2}% 21
\BOOKMARK [3][-]{subsubsection.4.2.1.1}{\376\377\0004\000.\0002\000.\0001\000.\0001\000\040\000A\000D\000D\000\050\000u\000n\000s\000i\000g\000n\000e\000d\000\040\000l\000o\000n\000g\000\040\000i\000n\000t\000\040\000R\000n\000,\000\040\000u\000n\000s\000i\000g\000n\000e\000d\000\040\000l\000o\000n\000g\000\040\000i\000n\000t\000\040\000R\000m\000\051}{subsection.4.2.1}% 22
\BOOKMARK [3][-]{subsubsection.4.2.1.2}{\376\377\0004\000.\0002\000.\0001\000.\0002\000\040\000B\000I\000C\000\050\000u\000n\000s\000i\000g\000n\000e\000d\000\040\000l\000o\000n\000g\000\040\000i\000n\000t\000\040\000R\000n\000,\000\040\000u\000n\000s\000i\000g\000n\000e\000d\000\040\000l\000o\000n\000g\000\040\000i\000n\000t\000\040\000R\000m\000\051}{subsection.4.2.1}% 23
\BOOKMARK [3][-]{subsubsection.4.2.1.3}{\376\377\0004\000.\0002\000.\0001\000.\0003\000\040\000E\000O\000R\000\050\000u\000n\000s\000i\000g\000n\000e\000d\000\040\000l\000o\000n\000g\000\040\000i\000n\000t\000\040\000R\000n\000,\000\040\000u\000n\000s\000i\000g\000n\000e\000d\000\040\000l\000o\000n\000g\000\040\000i\000n\000t\000\040\000R\000m\000\051}{subsection.4.2.1}% 24
\BOOKMARK [3][-]{subsubsection.4.2.1.4}{\376\377\0004\000.\0002\000.\0001\000.\0004\000\040\000M\000V\000N\000\050\000u\000n\000s\000i\000g\000n\000e\000d\000\040\000l\000o\000n\000g\000\040\000i\000n\000t\000\040\000R\000n\000\051}{subsection.4.2.1}% 25
\BOOKMARK [3][-]{subsubsection.4.2.1.5}{\376\377\0004\000.\0002\000.\0001\000.\0005\000\040\000S\000U\000B\000\050\000u\000n\000s\000i\000g\000n\000e\000d\000\040\000l\000o\000n\000g\000\040\000i\000n\000t\000\040\000R\000n\000,\000\040\000u\000n\000s\000i\000g\000n\000e\000d\000\040\000l\000o\000n\000g\000\040\000i\000n\000t\000\040\000R\000m\000\051}{subsection.4.2.1}% 26
\BOOKMARK [1][-]{section.4.3}{\376\377\0004\000.\0003\000\040\000R\000e\000f\000e\000r\000e\000n\000c\000i\000a\000\040\000d\000e\000l\000\040\000A\000r\000c\000h\000i\000v\000o\000\040\000m\000a\000i\000n\000.\000c}{chapter.4}% 27
\BOOKMARK [2][-]{subsection.4.3.1}{\376\377\0004\000.\0003\000.\0001\000\040\000D\000o\000c\000u\000m\000e\000n\000t\000a\000c\000i\000\363\000n\000\040\000d\000e\000\040\000l\000a\000s\000\040\000f\000u\000n\000c\000i\000o\000n\000e\000s}{section.4.3}% 28
\BOOKMARK [3][-]{subsubsection.4.3.1.1}{\376\377\0004\000.\0003\000.\0001\000.\0001\000\040\000m\000a\000i\000n\000\050\000\051}{subsection.4.3.1}% 29
\BOOKMARK [1][-]{section.4.4}{\376\377\0004\000.\0004\000\040\000R\000e\000f\000e\000r\000e\000n\000c\000i\000a\000\040\000d\000e\000l\000\040\000A\000r\000c\000h\000i\000v\000o\000\040\000r\000e\000g\000i\000s\000t\000r\000o\000s\000.\000c}{chapter.4}% 30
\BOOKMARK [2][-]{subsection.4.4.1}{\376\377\0004\000.\0004\000.\0001\000\040\000D\000o\000c\000u\000m\000e\000n\000t\000a\000c\000i\000\363\000n\000\040\000d\000e\000\040\000l\000a\000s\000\040\000f\000u\000n\000c\000i\000o\000n\000e\000s}{section.4.4}% 31
\BOOKMARK [3][-]{subsubsection.4.4.1.1}{\376\377\0004\000.\0004\000.\0001\000.\0001\000\040\000m\000o\000s\000t\000r\000a\000r\000\137\000r\000e\000g\000i\000s\000t\000r\000o\000s\000\050\000u\000n\000s\000i\000g\000n\000e\000d\000\040\000l\000o\000n\000g\000\040\000r\000e\000g\000i\000s\000t\000r\000o\000[\0001\0003\000]\000\051}{subsection.4.4.1}% 32
\BOOKMARK [1][-]{section.4.5}{\376\377\0004\000.\0005\000\040\000R\000e\000f\000e\000r\000e\000n\000c\000i\000a\000\040\000d\000e\000l\000\040\000A\000r\000c\000h\000i\000v\000o\000\040\000r\000e\000g\000i\000s\000t\000r\000o\000s\000.\000h}{chapter.4}% 33
